[debug] [2024-08-30T07:37:30.904Z] ----------------------------------------------------------------------
[debug] [2024-08-30T07:37:30.907Z] Command:       C:\Program Files\nodejs\node.exe C:\Users\Ruben Tiempo Adair\AppData\Roaming\npm\node_modules\firebase-tools\lib\bin\firebase.js init functions
[debug] [2024-08-30T07:37:30.907Z] CLI Version:   13.15.4
[debug] [2024-08-30T07:37:30.907Z] Platform:      win32
[debug] [2024-08-30T07:37:30.907Z] Node Version:  v20.15.0
[debug] [2024-08-30T07:37:30.908Z] Time:          Fri Aug 30 2024 08:37:30 GMT+0100 (British Summer Time)
[debug] [2024-08-30T07:37:30.908Z] ----------------------------------------------------------------------
[debug] 
[debug] [2024-08-30T07:37:30.911Z] >>> [apiv2][query] GET https://firebase-public.firebaseio.com/cli.json [none]
[debug] [2024-08-30T07:37:30.957Z] > command requires scopes: ["email","openid","https://www.googleapis.com/auth/cloudplatformprojects.readonly","https://www.googleapis.com/auth/firebase","https://www.googleapis.com/auth/cloud-platform"]
[debug] [2024-08-30T07:37:30.957Z] > authorizing via signed-in user (rubentadair@gmail.com)
[info] 
     ######## #### ########  ######## ########     ###     ######  ########
     ##        ##  ##     ## ##       ##     ##  ##   ##  ##       ##
     ######    ##  ########  ######   ########  #########  ######  ######
     ##        ##  ##    ##  ##       ##     ## ##     ##       ## ##
     ##       #### ##     ## ######## ########  ##     ##  ######  ########

You're about to initialize a Firebase project in this directory:

  C:\Users\Ruben Tiempo Adair\AndroidStudioProjects\lookoot

[debug] [2024-08-30T07:37:31.452Z] <<< [apiv2][status] GET https://firebase-public.firebaseio.com/cli.json 200
[debug] [2024-08-30T07:37:31.452Z] <<< [apiv2][body] GET https://firebase-public.firebaseio.com/cli.json {"cloudBuildErrorAfter":1594252800000,"cloudBuildWarnAfter":1590019200000,"defaultNode10After":1594252800000,"minVersion":"3.0.5","node8DeploysDisabledAfter":1613390400000,"node8RuntimeDisabledAfter":1615809600000,"node8WarnAfter":1600128000000}
[info] 
=== Project Setup
[info] 
[info] First, let's associate this project directory with a Firebase project.
[info] You can create multiple project aliases by running firebase use --add, 
[info] but for now we'll just set up a default project.
[info] 
[debug] [2024-08-30T07:37:38.563Z] > refreshing access token with scopes: []
[debug] [2024-08-30T07:37:38.564Z] >>> [apiv2][query] POST https://www.googleapis.com/oauth2/v3/token [none]
[debug] [2024-08-30T07:37:38.564Z] >>> [apiv2][body] POST https://www.googleapis.com/oauth2/v3/token [omitted]
[debug] [2024-08-30T07:37:38.691Z] <<< [apiv2][status] POST https://www.googleapis.com/oauth2/v3/token 200
[debug] [2024-08-30T07:37:38.691Z] <<< [apiv2][body] POST https://www.googleapis.com/oauth2/v3/token [omitted]
[debug] [2024-08-30T07:37:38.701Z] >>> [apiv2][query] GET https://firebase.googleapis.com/v1beta1/projects pageSize=100
[debug] [2024-08-30T07:37:39.122Z] <<< [apiv2][status] GET https://firebase.googleapis.com/v1beta1/projects 200
[debug] [2024-08-30T07:37:39.122Z] <<< [apiv2][body] GET https://firebase.googleapis.com/v1beta1/projects [omitted]
[info] i  Using project lookoot-5422a (lookoot) 
[info] 
=== Functions Setup
[debug] [2024-08-30T07:37:40.417Z] > command requires scopes: ["email","openid","https://www.googleapis.com/auth/cloudplatformprojects.readonly","https://www.googleapis.com/auth/firebase","https://www.googleapis.com/auth/cloud-platform"]
[debug] [2024-08-30T07:37:40.417Z] > authorizing via signed-in user (rubentadair@gmail.com)
[debug] [2024-08-30T07:37:40.418Z] [iam] checking project lookoot-5422a for permissions ["firebase.projects.get"]
[debug] [2024-08-30T07:37:40.418Z] >>> [apiv2][query] POST https://cloudresourcemanager.googleapis.com/v1/projects/lookoot-5422a:testIamPermissions [none]
[debug] [2024-08-30T07:37:40.418Z] >>> [apiv2][(partial)header] POST https://cloudresourcemanager.googleapis.com/v1/projects/lookoot-5422a:testIamPermissions x-goog-quota-user=projects/lookoot-5422a
[debug] [2024-08-30T07:37:40.418Z] >>> [apiv2][body] POST https://cloudresourcemanager.googleapis.com/v1/projects/lookoot-5422a:testIamPermissions {"permissions":["firebase.projects.get"]}
[debug] [2024-08-30T07:37:41.179Z] <<< [apiv2][status] POST https://cloudresourcemanager.googleapis.com/v1/projects/lookoot-5422a:testIamPermissions 200
[debug] [2024-08-30T07:37:41.179Z] <<< [apiv2][body] POST https://cloudresourcemanager.googleapis.com/v1/projects/lookoot-5422a:testIamPermissions {"permissions":["firebase.projects.get"]}
[debug] [2024-08-30T07:37:41.180Z] >>> [apiv2][query] GET https://serviceusage.googleapis.com/v1/projects/lookoot-5422a/services/cloudfunctions.googleapis.com [none]
[debug] [2024-08-30T07:37:41.180Z] >>> [apiv2][(partial)header] GET https://serviceusage.googleapis.com/v1/projects/lookoot-5422a/services/cloudfunctions.googleapis.com x-goog-quota-user=projects/lookoot-5422a
[debug] [2024-08-30T07:37:41.181Z] >>> [apiv2][query] GET https://serviceusage.googleapis.com/v1/projects/lookoot-5422a/services/runtimeconfig.googleapis.com [none]
[debug] [2024-08-30T07:37:41.181Z] >>> [apiv2][(partial)header] GET https://serviceusage.googleapis.com/v1/projects/lookoot-5422a/services/runtimeconfig.googleapis.com x-goog-quota-user=projects/lookoot-5422a
[debug] [2024-08-30T07:37:42.400Z] <<< [apiv2][status] GET https://serviceusage.googleapis.com/v1/projects/lookoot-5422a/services/runtimeconfig.googleapis.com 200
[debug] [2024-08-30T07:37:42.400Z] <<< [apiv2][body] GET https://serviceusage.googleapis.com/v1/projects/lookoot-5422a/services/runtimeconfig.googleapis.com [omitted]
[debug] [2024-08-30T07:37:42.401Z] <<< [apiv2][status] GET https://serviceusage.googleapis.com/v1/projects/lookoot-5422a/services/cloudfunctions.googleapis.com 200
[debug] [2024-08-30T07:37:42.401Z] <<< [apiv2][body] GET https://serviceusage.googleapis.com/v1/projects/lookoot-5422a/services/cloudfunctions.googleapis.com [omitted]
[info] Let's create a new codebase for your functions.
[info] A directory corresponding to the codebase will be created in your project
[info] with sample code pre-configured.

[info] See https://firebase.google.com/docs/functions/organize-functions for
[info] more information on organizing your functions using codebases.

[info] Functions can be deployed with firebase deploy.

[info] +  Wrote functions/requirements.txt 
[info] +  Wrote functions/.gitignore 
[info] +  Wrote functions/main.py 
[debug] [2024-08-30T07:37:57.894Z] Running command with virtualenv: command="C:\Users\Ruben Tiempo Adair\AndroidStudioProjects\lookoot\functions\venv\Scripts\activate.bat", args=["","&&","pip3","install","--upgrade","pip"]
[debug] [2024-08-30T07:37:57.991Z] Error: spawn "C:\Users\Ruben Tiempo Adair\AndroidStudioProjects\lookoot\functions\venv\Scripts\activate.bat" ENOENT
    at notFoundError (C:\Users\Ruben Tiempo Adair\AppData\Roaming\npm\node_modules\firebase-tools\node_modules\cross-spawn\lib\enoent.js:6:26)
    at verifyENOENT (C:\Users\Ruben Tiempo Adair\AppData\Roaming\npm\node_modules\firebase-tools\node_modules\cross-spawn\lib\enoent.js:40:16)
    at cp.emit (C:\Users\Ruben Tiempo Adair\AppData\Roaming\npm\node_modules\firebase-tools\node_modules\cross-spawn\lib\enoent.js:27:25)
    at ChildProcess._handle.onexit (node:internal/child_process:294:12)
[error] 
[error] Error: An unexpected error has occurred.
